<?xml version="1.0" encoding="UTF-8"?>
<!-- Generated by org.testng.reporters.JUnitXMLReporter -->
<testsuite hostname="Is-MacBook-Pro" ignored="0" name="Default test" tests="3" failures="0" timestamp="2020-08-10T01:52:28 CDT" time="25.221" errors="0">
  <testcase name="getAllTemp" time="1.752" classname="com.qa.darkskynet.tests.MainPageTest"/>
  <testcase name="verifyCheckHighestTemp" time="5.613" classname="com.qa.darkskynet.tests.MainPageTest"/>
  <testcase name="verifyCheckLowestTemp" time="5.599" classname="com.qa.darkskynet.tests.MainPageTest"/>
</testsuite> <!-- Default test -->
