<?xml version="1.0" encoding="UTF-8"?>
<!-- Generated by org.testng.reporters.JUnitXMLReporter -->
<testsuite hostname="Hayriyes-MBP" ignored="0" name="Darksky Fuctional Regression Test" tests="2" failures="0" timestamp="2020-08-03T14:03:49 EDT" time="18.475" errors="0">
  <testcase name="verifyCheckLowestTemp" time="5.794" classname="com.qa.darkskynet.tests.HomePageTest"/>
  <testcase name="verifyCheckHighestTemp" time="5.366" classname="com.qa.darkskynet.tests.HomePageTest"/>
</testsuite> <!-- Darksky Fuctional Regression Test -->
